C:\USERS\PARITOSH\DOCUMENTS\VISUAL STUDIO 2012\PROJECTS\TESLACOMPUTE\TESLACOMPUTE\DEBUG\PGL_MESH.OBJ
C:\USERS\PARITOSH\DOCUMENTS\VISUAL STUDIO 2012\PROJECTS\TESLACOMPUTE\TESLACOMPUTE\DEBUG\PGL_TEXTURE.OBJ
C:\USERS\PARITOSH\DOCUMENTS\VISUAL STUDIO 2012\PROJECTS\TESLACOMPUTE\TESLACOMPUTE\DEBUG\TESLACOMPUTEMAIN.OBJ
C:\USERS\PARITOSH\DOCUMENTS\VISUAL STUDIO 2012\PROJECTS\TESLACOMPUTE\TESLACOMPUTE\DEBUG\VC110.PDB
C:\USERS\PARITOSH\DOCUMENTS\VISUAL STUDIO 2012\PROJECTS\TESLACOMPUTE\DEBUG\TESLACOMPUTE.ILK
C:\USERS\PARITOSH\DOCUMENTS\VISUAL STUDIO 2012\PROJECTS\TESLACOMPUTE\DEBUG\TESLACOMPUTE.EXE
C:\USERS\PARITOSH\DOCUMENTS\VISUAL STUDIO 2012\PROJECTS\TESLACOMPUTE\DEBUG\TESLACOMPUTE.PDB
C:\Users\Paritosh\Documents\Visual Studio 2012\Projects\TeslaCompute\TeslaCompute\Debug\pgl_mesh.obj
C:\Users\Paritosh\Documents\Visual Studio 2012\Projects\TeslaCompute\TeslaCompute\Debug\pgl_texture.obj
C:\Users\Paritosh\Documents\Visual Studio 2012\Projects\TeslaCompute\TeslaCompute\Debug\TeslaComputeMain.obj
C:\Users\Paritosh\Documents\Visual Studio 2012\Projects\TeslaCompute\TeslaCompute\Debug\cl.command.1.tlog
C:\Users\Paritosh\Documents\Visual Studio 2012\Projects\TeslaCompute\TeslaCompute\Debug\CL.read.1.tlog
C:\Users\Paritosh\Documents\Visual Studio 2012\Projects\TeslaCompute\TeslaCompute\Debug\CL.write.1.tlog
C:\Users\Paritosh\Documents\Visual Studio 2012\Projects\TeslaCompute\TeslaCompute\Debug\link-cvtres.read.1.tlog
C:\Users\Paritosh\Documents\Visual Studio 2012\Projects\TeslaCompute\TeslaCompute\Debug\link-cvtres.write.1.tlog
C:\Users\Paritosh\Documents\Visual Studio 2012\Projects\TeslaCompute\TeslaCompute\Debug\link-rc.read.1.tlog
C:\Users\Paritosh\Documents\Visual Studio 2012\Projects\TeslaCompute\TeslaCompute\Debug\link-rc.write.1.tlog
C:\Users\Paritosh\Documents\Visual Studio 2012\Projects\TeslaCompute\TeslaCompute\Debug\link.2856-cvtres.read.1.tlog
C:\Users\Paritosh\Documents\Visual Studio 2012\Projects\TeslaCompute\TeslaCompute\Debug\link.2856-cvtres.write.1.tlog
C:\Users\Paritosh\Documents\Visual Studio 2012\Projects\TeslaCompute\TeslaCompute\Debug\link.2856-rc.read.1.tlog
C:\Users\Paritosh\Documents\Visual Studio 2012\Projects\TeslaCompute\TeslaCompute\Debug\link.2856-rc.write.1.tlog
C:\Users\Paritosh\Documents\Visual Studio 2012\Projects\TeslaCompute\TeslaCompute\Debug\link.2856.read.1.tlog
C:\Users\Paritosh\Documents\Visual Studio 2012\Projects\TeslaCompute\TeslaCompute\Debug\link.2856.write.1.tlog
C:\Users\Paritosh\Documents\Visual Studio 2012\Projects\TeslaCompute\TeslaCompute\Debug\link.command.1.tlog
C:\Users\Paritosh\Documents\Visual Studio 2012\Projects\TeslaCompute\TeslaCompute\Debug\link.read.1.tlog
C:\Users\Paritosh\Documents\Visual Studio 2012\Projects\TeslaCompute\TeslaCompute\Debug\link.write.1.tlog
C:\Users\Paritosh\Documents\Visual Studio 2012\Projects\TeslaCompute\TeslaCompute\Debug\vc110.idb
C:\Users\Paritosh\Documents\Visual Studio 2012\Projects\TeslaCompute\TeslaCompute\Debug\vc110.pdb
C:\Users\Paritosh\Documents\Visual Studio 2012\Projects\TeslaCompute\Debug\TeslaCompute.pdb
C:\Users\Paritosh\Documents\Visual Studio 2012\Projects\TeslaCompute\Debug\TeslaCompute.exe
C:\Users\Paritosh\Documents\Visual Studio 2012\Projects\TeslaCompute\Debug\TeslaCompute.ilk
